<?xml version="1.0" encoding="UTF-8"?>
<!-- Generated by org.testng.reporters.JUnitReportReporter -->
<testsuite hostname="DESKTOP-OFNO39H" failures="0" tests="3" name="com.inetBanking.testCases.TC_LoginTestDDT_002" time="58.802" errors="0" timestamp="2022-04-12T18:13:55 IST" skipped="0">
  <testcase classname="com.inetBanking.testCases.TC_LoginTestDDT_002" name="loginDDT" time="22.252"/>
  <system-out/>
  <testcase classname="com.inetBanking.testCases.TC_LoginTestDDT_002" name="loginDDT" time="13.698"/>
  <system-out/>
  <testcase classname="com.inetBanking.testCases.TC_LoginTestDDT_002" name="loginDDT" time="22.852"/>
  <system-out/>
</testsuite> <!-- com.inetBanking.testCases.TC_LoginTestDDT_002 -->
