<?xml version="1.0" encoding="UTF-8"?>
<!-- Generated by org.testng.reporters.JUnitReportReporter -->
<testsuite hostname="DESKTOP-OFNO39H" failures="0" tests="1" name="com.inetBanking.testCases.TC_HomePageTest_001" time="84.368" errors="0" timestamp="2022-04-24T11:36:01 IST" skipped="0">
  <testcase classname="com.inetBanking.testCases.TC_HomePageTest_001" name="newCustomer" time="84.368"/>
  <system-out/>
</testsuite> <!-- com.inetBanking.testCases.TC_HomePageTest_001 -->
